** Drc report for /mnt/DATA2/pCloud/job/KiCAD/Rover_Commander_v3.1a/Rover_Commander_v3.1a.kicad_pcb **
** Created on 2017-10-18 11:29:25 **

** Found 42 DRC errors **
ErrType(19): Конт.пл. близко к конт.пл.
    @ (126,714 мм,91,230 мм): Конт.пл. 36 на B.Cu, Не медь из U1
    @ (126,714 мм,91,730 мм): Конт.пл. 35 на B.Cu, Не медь из U1
ErrType(19): Конт.пл. близко к конт.пл.
    @ (126,714 мм,91,730 мм): Конт.пл. 35 на B.Cu, Не медь из U1
    @ (126,714 мм,92,230 мм): Конт.пл. 34 на B.Cu, Не медь из U1
ErrType(19): Конт.пл. близко к конт.пл.
    @ (126,714 мм,94,230 мм): Конт.пл. 30 на B.Cu, Не медь из U1
    @ (126,714 мм,94,730 мм): Конт.пл. 29 на B.Cu, Не медь из U1
ErrType(19): Конт.пл. близко к конт.пл.
    @ (126,714 мм,94,730 мм): Конт.пл. 29 на B.Cu, Не медь из U1
    @ (126,714 мм,95,230 мм): Конт.пл. 28 на B.Cu, Не медь из U1
ErrType(19): Конт.пл. близко к конт.пл.
    @ (129,314 мм,89,630 мм): Конт.пл. 39 на B.Cu, Не медь из U1
    @ (129,814 мм,89,630 мм): Конт.пл. 40 на B.Cu, Не медь из U1
ErrType(19): Конт.пл. близко к конт.пл.
    @ (129,814 мм,89,630 мм): Конт.пл. 40 на B.Cu, Не медь из U1
    @ (130,314 мм,89,630 мм): Конт.пл. 41 на B.Cu, Не медь из U1
ErrType(19): Конт.пл. близко к конт.пл.
    @ (130,314 мм,89,630 мм): Конт.пл. 41 на B.Cu, Не медь из U1
    @ (130,814 мм,89,630 мм): Конт.пл. 42 на B.Cu, Не медь из U1
ErrType(19): Конт.пл. близко к конт.пл.
    @ (130,814 мм,89,630 мм): Конт.пл. 42 на B.Cu, Не медь из U1
    @ (131,314 мм,89,630 мм): Конт.пл. 43 на B.Cu, Не медь из U1
ErrType(19): Конт.пл. близко к конт.пл.
    @ (131,314 мм,89,630 мм): Конт.пл. 43 на B.Cu, Не медь из U1
    @ (131,814 мм,89,630 мм): Конт.пл. 44 на B.Cu, Не медь из U1
ErrType(19): Конт.пл. близко к конт.пл.
    @ (131,314 мм,98,330 мм): Конт.пл. 18 на B.Cu, Не медь из U1
    @ (131,814 мм,98,330 мм): Конт.пл. 17 на B.Cu, Не медь из U1
ErrType(19): Конт.пл. близко к конт.пл.
    @ (131,814 мм,98,330 мм): Конт.пл. 17 на B.Cu, Не медь из U1
    @ (132,314 мм,98,330 мм): Конт.пл. 16 на B.Cu, Не медь из U1
ErrType(19): Конт.пл. близко к конт.пл.
    @ (132,314 мм,89,630 мм): Конт.пл. 45 на B.Cu, Не медь из U1
    @ (132,814 мм,89,630 мм): Конт.пл. 46 на B.Cu, Не медь из U1
ErrType(19): Конт.пл. близко к конт.пл.
    @ (132,814 мм,98,330 мм): Конт.пл. 15 на B.Cu, Не медь из U1
    @ (133,314 мм,98,330 мм): Конт.пл. 14 на B.Cu, Не медь из U1
ErrType(19): Конт.пл. близко к конт.пл.
    @ (133,314 мм,89,630 мм): Конт.пл. 47 на B.Cu, Не медь из U1
    @ (133,814 мм,89,630 мм): Конт.пл. 48 на B.Cu, Не медь из U1
ErrType(19): Конт.пл. близко к конт.пл.
    @ (133,314 мм,98,330 мм): Конт.пл. 14 на B.Cu, Не медь из U1
    @ (133,814 мм,98,330 мм): Конт.пл. 13 на B.Cu, Не медь из U1
ErrType(19): Конт.пл. близко к конт.пл.
    @ (135,414 мм,95,730 мм): Конт.пл. 10 на B.Cu, Не медь из U1
    @ (135,414 мм,96,230 мм): Конт.пл. 11 на B.Cu, Не медь из U1
ErrType(19): Конт.пл. близко к конт.пл.
    @ (135,414 мм,96,230 мм): Конт.пл. 11 на B.Cu, Не медь из U1
    @ (135,414 мм,96,730 мм): Конт.пл. 12 на B.Cu, Не медь из U1
ErrType(19): Конт.пл. близко к конт.пл.
    @ (147,242 мм,102,471 мм): Конт.пл. 32 на B.Cu, Не медь из U5
    @ (147,595 мм,102,824 мм): Конт.пл. 31 на B.Cu, Не медь из U5
ErrType(19): Конт.пл. близко к конт.пл.
    @ (147,595 мм,102,824 мм): Конт.пл. 31 на B.Cu, Не медь из U5
    @ (147,949 мм,103,178 мм): Конт.пл. 30 на B.Cu, Не медь из U5
ErrType(19): Конт.пл. близко к конт.пл.
    @ (150,070 мм,96,885 мм): Конт.пл. 41 на B.Cu, Не медь из U5
    @ (150,424 мм,96,531 мм): Конт.пл. 42 на B.Cu, Не медь из U5
ErrType(19): Конт.пл. близко к конт.пл.
    @ (150,424 мм,96,531 мм): Конт.пл. 42 на B.Cu, Не медь из U5
    @ (150,777 мм,96,178 мм): Конт.пл. 43 на B.Cu, Не медь из U5
ErrType(19): Конт.пл. близко к конт.пл.
    @ (150,777 мм,106,006 мм): Конт.пл. 22 на B.Cu, Не медь из U5
    @ (151,131 мм,106,360 мм): Конт.пл. 21 на B.Cu, Не медь из U5
ErrType(19): Конт.пл. близко к конт.пл.
    @ (151,131 мм,106,360 мм): Конт.пл. 21 на B.Cu, Не медь из U5
    @ (151,484 мм,106,713 мм): Конт.пл. 20 на B.Cu, Не медь из U5
ErrType(19): Конт.пл. близко к конт.пл.
    @ (151,484 мм,106,713 мм): Конт.пл. 20 на B.Cu, Не медь из U5
    @ (151,838 мм,107,067 мм): Конт.пл. 19 на B.Cu, Не медь из U5
ErrType(19): Конт.пл. близко к конт.пл.
    @ (151,838 мм,95,117 мм): Конт.пл. 46 на B.Cu, Не медь из U5
    @ (152,192 мм,94,763 мм): Конт.пл. 47 на B.Cu, Не медь из U5
ErrType(19): Конт.пл. близко к конт.пл.
    @ (151,838 мм,107,067 мм): Конт.пл. 19 на B.Cu, Не медь из U5
    @ (152,192 мм,107,421 мм): Конт.пл. 18 на B.Cu, Не медь из U5
ErrType(19): Конт.пл. близко к конт.пл.
    @ (152,192 мм,94,763 мм): Конт.пл. 47 на B.Cu, Не медь из U5
    @ (152,545 мм,94,410 мм): Конт.пл. 48 на B.Cu, Не медь из U5
ErrType(19): Конт.пл. близко к конт.пл.
    @ (152,192 мм,107,421 мм): Конт.пл. 18 на B.Cu, Не медь из U5
    @ (152,545 мм,107,774 мм): Конт.пл. 17 на B.Cu, Не медь из U5
ErrType(19): Конт.пл. близко к конт.пл.
    @ (156,010 мм,107,067 мм): Конт.пл. 14 на B.Cu, Не медь из U5
    @ (156,364 мм,106,713 мм): Конт.пл. 13 на B.Cu, Не медь из U5
ErrType(19): Конт.пл. близко к конт.пл.
    @ (156,364 мм,106,713 мм): Конт.пл. 13 на B.Cu, Не медь из U5
    @ (156,717 мм,106,360 мм): Конт.пл. 12 на B.Cu, Не медь из U5
ErrType(19): Конт.пл. близко к конт.пл.
    @ (156,717 мм,106,360 мм): Конт.пл. 12 на B.Cu, Не медь из U5
    @ (157,071 мм,106,006 мм): Конт.пл. 11 на B.Cu, Не медь из U5
ErrType(19): Конт.пл. близко к конт.пл.
    @ (159,899 мм,99,006 мм): Конт.пл. 62 на B.Cu, Не медь из U5
    @ (160,253 мм,99,360 мм): Конт.пл. 63 на B.Cu, Не медь из U5
ErrType(19): Конт.пл. близко к конт.пл.
    @ (160,253 мм,99,360 мм): Конт.пл. 63 на B.Cu, Не медь из U5
    @ (160,606 мм,99,713 мм): Конт.пл. 64 на B.Cu, Не медь из U5
ErrType(19): Конт.пл. близко к конт.пл.
    @ (160,253 мм,102,824 мм): Конт.пл. 2 на B.Cu, Не медь из U5
    @ (160,606 мм,102,471 мм): Конт.пл. 1 на B.Cu, Не медь из U5
ErrType(4): Дорожка близко к конт.пл.
    @ (112,776 мм,112,268 мм): Дорожка 0,250 мм, цепь [] (0) на слое B.Cu, длина: 0,150 мм
    @ (112,776 мм,112,944 мм): Конт.пл. 2 на B.Cu, Не медь из R25
ErrType(11): Два конца дорожки очень близко
    @ (130,339 мм,88,392 мм): Дорожка 0,200 мм, цепь [+3V3] (11) на слое B.Cu, длина: 1,217 мм
    @ (130,814 мм,90,054 мм): Дорожка 0,250 мм, цепь [/ETH_RST] (66) на слое B.Cu, длина: 1,464 мм
ErrType(4): Дорожка близко к конт.пл.
    @ (130,339 мм,88,392 мм): Дорожка 0,200 мм, цепь [+3V3] (11) на слое B.Cu, длина: 0,836 мм
    @ (130,814 мм,89,630 мм): Конт.пл. 42 на B.Cu, Не медь из U1
ErrType(7): Перех.отв. близко к дорожке
    @ (154,825 мм,90,817 мм): Дорожка 0,250 мм, цепь [/EEPROM_CS] (94) на слое B.Cu, длина: 2,318 мм
    @ (156,504 мм,91,400 мм): Перех.отв. 0,600 мм цепь [+3V3] (11) на слоях F.Cu/B.Cu
ErrType(4): Дорожка близко к конт.пл.
    @ (133,264 мм,85,754 мм): Дорожка 0,150 мм, цепь [Net-(C13-Pad1)] (12) на слое B.Cu, длина: 3,876 мм
    @ (134,620 мм,86,868 мм): Конт.пл. 2 на F.Cu, B.Cu, Внутренний, Не медь из BZ1
ErrType(4): Дорожка близко к конт.пл.
    @ (150,578 мм,106,172 мм): Дорожка 0,250 мм, цепь [/BUZZER] (46) на слое B.Cu, длина: 1,734 мм
    @ (151,131 мм,106,360 мм): Конт.пл. 21 на B.Cu, Не медь из U5
ErrType(4): Дорожка близко к конт.пл.
    @ (131,239 мм,101,752 мм): Дорожка 0,200 мм, цепь [/ETH_MII_RXD3] (57) на слое B.Cu, длина: 3,347 мм
    @ (131,814 мм,98,330 мм): Конт.пл. 17 на B.Cu, Не медь из U1
ErrType(4): Дорожка близко к конт.пл.
    @ (130,814 мм,90,054 мм): Дорожка 0,250 мм, цепь [/ETH_RST] (66) на слое B.Cu, длина: 1,464 мм
    @ (130,314 мм,89,630 мм): Конт.пл. 41 на B.Cu, Не медь из U1

** Found 87 unconnected pads **
ErrType(2): Неподключенные конт.пл.
    @ (147,288 мм,92,014 мм): Конт.пл. 3 на F.Cu, Не медь из VT1 net Net-(BZ1-Pad1)
    @ (142,220 мм,86,868 мм): Конт.пл. 1 на F.Cu, B.Cu, Внутренний, Не медь из BZ1
ErrType(2): Неподключенные конт.пл.
    @ (194,330 мм,102,108 мм): Конт.пл. 1 на F.Cu, Не медь из D6 net Net-(BZ1-Pad1)
    @ (147,288 мм,92,014 мм): Конт.пл. 3 на F.Cu, Не медь из VT1
ErrType(2): Неподключенные конт.пл.
    @ (131,814 мм,89,630 мм): Конт.пл. 44 на B.Cu, Не медь из U1 net GND
    @ (129,814 мм,89,630 мм): Конт.пл. 40 на B.Cu, Не медь из U1
ErrType(2): Неподключенные конт.пл.
    @ (132,314 мм,89,630 мм): Конт.пл. 45 на B.Cu, Не медь из U1 net GND
    @ (131,814 мм,89,630 мм): Конт.пл. 44 на B.Cu, Не медь из U1
ErrType(2): Неподключенные конт.пл.
    @ (152,192 мм,94,763 мм): Конт.пл. 47 на B.Cu, Не медь из U5 net GND
    @ (160,253 мм,99,360 мм): Конт.пл. 63 на B.Cu, Не медь из U5
ErrType(2): Неподключенные конт.пл.
    @ (104,442 мм,56,766 мм): Конт.пл. 2 на F.Cu, Не медь из C17 net GND
    @ (115,454 мм,57,518 мм): Конт.пл. 2 на F.Cu, Не медь из C14
ErrType(2): Неподключенные конт.пл.
    @ (196,830 мм,102,108 мм): Конт.пл. 2 на F.Cu, Не медь из D6 net GND
    @ (177,700 мм,107,020 мм): Конт.пл. 5 на F.Cu, B.Cu, Внутренний, Не медь из XP1
ErrType(2): Неподключенные конт.пл.
    @ (118,448 мм,59,944 мм): Конт.пл. 2 на F.Cu, Не медь из R22 net GND
    @ (119,004 мм,81,534 мм): Конт.пл. 2 на B.Cu, Не медь из C3
ErrType(2): Неподключенные конт.пл.
    @ (175,000 мм,99,750 мм): Конт.пл. 4 на F.Cu, B.Cu, Внутренний, Не медь из XP1 net GND
    @ (177,700 мм,107,020 мм): Конт.пл. 5 на F.Cu, B.Cu, Внутренний, Не медь из XP1
ErrType(2): Неподключенные конт.пл.
    @ (151,384 мм,118,872 мм): Конт.пл. 4 на F.Cu, B.Cu, Внутренний, Не медь из XP2 net GND
    @ (152,192 мм,107,421 мм): Конт.пл. 18 на B.Cu, Не медь из U5
ErrType(2): Неподключенные конт.пл.
    @ (129,814 мм,89,630 мм): Конт.пл. 40 на B.Cu, Не медь из U1 net GND
    @ (128,016 мм,87,376 мм): Конт.пл. 2 на F.Cu, Не медь из C19
ErrType(2): Неподключенные конт.пл.
    @ (152,192 мм,107,421 мм): Конт.пл. 18 на B.Cu, Не медь из U5 net GND
    @ (156,717 мм,106,360 мм): Конт.пл. 12 на B.Cu, Не медь из U5
ErrType(2): Неподключенные конт.пл.
    @ (126,714 мм,94,730 мм): Конт.пл. 29 на B.Cu, Не медь из U1 net GND
    @ (126,714 мм,91,730 мм): Конт.пл. 35 на B.Cu, Не медь из U1
ErrType(2): Неподключенные конт.пл.
    @ (156,717 мм,106,360 мм): Конт.пл. 12 на B.Cu, Не медь из U5 net GND
    @ (160,253 мм,99,360 мм): Конт.пл. 63 на B.Cu, Не медь из U5
ErrType(2): Неподключенные конт.пл.
    @ (165,100 мм,106,172 мм): Конт.пл. 2 на B.Cu, Не медь из C21 net GND
    @ (156,717 мм,106,360 мм): Конт.пл. 12 на B.Cu, Не медь из U5
ErrType(2): Неподключенные конт.пл.
    @ (131,814 мм,98,330 мм): Конт.пл. 17 на B.Cu, Не медь из U1 net GND
    @ (131,814 мм,89,630 мм): Конт.пл. 44 на B.Cu, Не медь из U1
ErrType(2): Неподключенные конт.пл.
    @ (115,142 мм,48,066 мм): Конт.пл. 2 на F.Cu, Не медь из C16 net GND
    @ (115,454 мм,57,518 мм): Конт.пл. 2 на F.Cu, Не медь из C14
ErrType(2): Неподключенные конт.пл.
    @ (100,342 мм,51,966 мм): Конт.пл. 1 на F.Cu, Не медь из R6 net GND
    @ (104,442 мм,56,766 мм): Конт.пл. 2 на F.Cu, Не медь из C17
ErrType(2): Неподключенные конт.пл.
    @ (147,595 мм,102,824 мм): Конт.пл. 31 на B.Cu, Не медь из U5 net GND
    @ (152,192 мм,107,421 мм): Конт.пл. 18 на B.Cu, Не медь из U5
ErrType(2): Неподключенные конт.пл.
    @ (135,414 мм,96,230 мм): Конт.пл. 11 на B.Cu, Не медь из U1 net GND
    @ (131,814 мм,98,330 мм): Конт.пл. 17 на B.Cu, Не медь из U1
ErrType(2): Неподключенные конт.пл.
    @ (126,714 мм,91,730 мм): Конт.пл. 35 на B.Cu, Не медь из U1 net GND
    @ (129,814 мм,89,630 мм): Конт.пл. 40 на B.Cu, Не медь из U1
ErrType(2): Неподключенные конт.пл.
    @ (115,454 мм,57,518 мм): Конт.пл. 2 на F.Cu, Не медь из C14 net GND
    @ (118,448 мм,59,944 мм): Конт.пл. 2 на F.Cu, Не медь из R22
ErrType(2): Неподключенные конт.пл.
    @ (130,888 мм,114,852 мм): Конт.пл. 3 на B.Cu, Не медь из U4 net +5V
    @ (131,572 мм,110,744 мм): Конт.пл. 1 на F.Cu, Не медь из D4
ErrType(2): Неподключенные конт.пл.
    @ (131,572 мм,110,744 мм): Конт.пл. 1 на F.Cu, Не медь из D4 net +5V
    @ (130,122 мм,110,744 мм): Конт.пл. 2 на F.Cu, Не медь из D4
ErrType(2): Неподключенные конт.пл.
    @ (173,000 мм,99,750 мм): Конт.пл. 1 на F.Cu, B.Cu, Внутренний, Не медь из XP1 net +5V
    @ (150,424 мм,96,531 мм): Конт.пл. 42 на B.Cu, Не медь из U5
ErrType(2): Неподключенные конт.пл.
    @ (145,288 мм,92,964 мм): Конт.пл. 2 на F.Cu, Не медь из VT1 net +5V
    @ (131,572 мм,110,744 мм): Конт.пл. 1 на F.Cu, Не медь из D4
ErrType(2): Неподключенные конт.пл.
    @ (150,424 мм,96,531 мм): Конт.пл. 42 на B.Cu, Не медь из U5 net +5V
    @ (145,288 мм,92,964 мм): Конт.пл. 2 на F.Cu, Не медь из VT1
ErrType(2): Неподключенные конт.пл.
    @ (133,814 мм,89,630 мм): Конт.пл. 48 на B.Cu, Не медь из U1 net +3V3
    @ (155,575 мм,89,552 мм): Конт.пл. 8 на B.Cu, Не медь из U7
ErrType(2): Неподключенные конт.пл.
    @ (113,554 мм,57,518 мм): Конт.пл. 1 на F.Cu, Не медь из C14 net +3V3
    @ (109,854 мм,59,318 мм): Конт.пл. 2 на F.Cu, Не медь из D5
ErrType(2): Неподключенные конт.пл.
    @ (113,242 мм,48,066 мм): Конт.пл. 1 на F.Cu, Не медь из C16 net +3V3
    @ (113,554 мм,57,518 мм): Конт.пл. 1 на F.Cu, Не медь из C14
ErrType(2): Неподключенные конт.пл.
    @ (102,542 мм,56,766 мм): Конт.пл. 1 на F.Cu, Не медь из C17 net +3V3
    @ (107,528 мм,53,848 мм): Конт.пл. 1 на F.Cu, Не медь из R14
ErrType(2): Неподключенные конт.пл.
    @ (107,528 мм,53,848 мм): Конт.пл. 1 на F.Cu, Не медь из R14 net +3V3
    @ (109,854 мм,59,318 мм): Конт.пл. 2 на F.Cu, Не медь из D5
ErrType(2): Неподключенные конт.пл.
    @ (110,068 мм,62,484 мм): Конт.пл. 1 на F.Cu, Не медь из R13 net +3V3
    @ (110,754 мм,68,418 мм): Конт.пл. 2 на F.Cu, Не медь из R2
ErrType(2): Неподключенные конт.пл.
    @ (100,842 мм,65,566 мм): Конт.пл. 1 на F.Cu, Не медь из R12 net +3V3
    @ (102,542 мм,56,766 мм): Конт.пл. 1 на F.Cu, Не медь из C17
ErrType(2): Неподключенные конт.пл.
    @ (95,042 мм,60,566 мм): Конт.пл. 1 на F.Cu, Не медь из R11 net +3V3
    @ (100,842 мм,65,566 мм): Конт.пл. 1 на F.Cu, Не медь из R12
ErrType(2): Неподключенные конт.пл.
    @ (90,142 мм,57,066 мм): Конт.пл. 1 на F.Cu, Не медь из R10 net +3V3
    @ (95,042 мм,60,566 мм): Конт.пл. 1 на F.Cu, Не медь из R11
ErrType(2): Неподключенные конт.пл.
    @ (110,754 мм,68,418 мм): Конт.пл. 2 на F.Cu, Не медь из R2 net +3V3
    @ (130,556 мм,82,804 мм): Конт.пл. 2 на F.Cu, Не медь из L1
ErrType(2): Неподключенные конт.пл.
    @ (177,000 мм,116,000 мм): Конт.пл. 2 на F.Cu, B.Cu, Внутренний, Не медь из LED1 net +3V3
    @ (160,606 мм,102,471 мм): Конт.пл. 1 на B.Cu, Не медь из U5
ErrType(2): Неподключенные конт.пл.
    @ (109,854 мм,59,318 мм): Конт.пл. 2 на F.Cu, Не медь из D5 net +3V3
    @ (110,068 мм,62,484 мм): Конт.пл. 1 на F.Cu, Не медь из R13
ErrType(2): Неподключенные конт.пл.
    @ (130,314 мм,89,630 мм): Конт.пл. 41 на B.Cu, Не медь из U1 net +3V3
    @ (131,314 мм,89,630 мм): Конт.пл. 43 на B.Cu, Не медь из U1
ErrType(2): Неподключенные конт.пл.
    @ (129,314 мм,89,630 мм): Конт.пл. 39 на B.Cu, Не медь из U1 net +3V3
    @ (130,314 мм,89,630 мм): Конт.пл. 41 на B.Cu, Не медь из U1
ErrType(2): Неподключенные конт.пл.
    @ (133,314 мм,98,330 мм): Конт.пл. 14 на B.Cu, Не медь из U1 net +3V3
    @ (133,814 мм,89,630 мм): Конт.пл. 48 на B.Cu, Не медь из U1
ErrType(2): Неподключенные конт.пл.
    @ (155,575 мм,89,552 мм): Конт.пл. 8 на B.Cu, Не медь из U7 net +3V3
    @ (160,606 мм,102,471 мм): Конт.пл. 1 на B.Cu, Не медь из U5
ErrType(2): Неподключенные конт.пл.
    @ (130,888 мм,117,152 мм): Конт.пл. 2 на B.Cu, Не медь из U4 net +3V3
    @ (133,314 мм,98,330 мм): Конт.пл. 14 на B.Cu, Не медь из U1
ErrType(2): Неподключенные конт.пл.
    @ (137,188 мм,117,152 мм): Конт.пл. 2 на B.Cu, Не медь из U4 net +3V3
    @ (130,888 мм,117,152 мм): Конт.пл. 2 на B.Cu, Не медь из U4
ErrType(2): Неподключенные конт.пл.
    @ (131,314 мм,89,630 мм): Конт.пл. 43 на B.Cu, Не медь из U1 net +3V3
    @ (133,814 мм,89,630 мм): Конт.пл. 48 на B.Cu, Не медь из U1
ErrType(2): Неподключенные конт.пл.
    @ (112,268 мм,62,484 мм): Конт.пл. 2 на F.Cu, Не медь из R13 net Net-(D3-Pad1)
    @ (133,814 мм,98,330 мм): Конт.пл. 13 на B.Cu, Не медь из U1
ErrType(2): Неподключенные конт.пл.
    @ (139,192 мм,98,420 мм): Конт.пл. 1 на B.Cu, Не медь из D3 net Net-(D3-Pad1)
    @ (133,814 мм,98,330 мм): Конт.пл. 13 на B.Cu, Не медь из U1
ErrType(2): Неподключенные конт.пл.
    @ (135,414 мм,96,730 мм): Конт.пл. 12 на B.Cu, Не медь из U1 net Net-(D3-Pad2)
    @ (139,192 мм,96,520 мм): Конт.пл. 2 на B.Cu, Не медь из D3
ErrType(2): Неподключенные конт.пл.
    @ (103,042 мм,65,566 мм): Конт.пл. 2 на F.Cu, Не медь из R12 net Net-(D3-Pad2)
    @ (135,414 мм,96,730 мм): Конт.пл. 12 на B.Cu, Не медь из U1
ErrType(2): Неподключенные конт.пл.
    @ (107,696 мм,63,500 мм): Конт.пл. 2 на F.Cu, Не медь из R15 net Net-(D3-Pad3)
    @ (141,192 мм,97,470 мм): Конт.пл. 3 на B.Cu, Не медь из D3
ErrType(2): Неподключенные конт.пл.
    @ (147,242 мм,102,471 мм): Конт.пл. 32 на B.Cu, Не медь из U5 net /SWD_+3V3
    @ (151,838 мм,107,067 мм): Конт.пл. 19 на B.Cu, Не медь из U5
ErrType(2): Неподключенные конт.пл.
    @ (151,838 мм,107,067 мм): Конт.пл. 19 на B.Cu, Не медь из U5 net /SWD_+3V3
    @ (156,364 мм,106,713 мм): Конт.пл. 13 на B.Cu, Не медь из U5
ErrType(2): Неподключенные конт.пл.
    @ (156,364 мм,106,713 мм): Конт.пл. 13 на B.Cu, Не медь из U5 net /SWD_+3V3
    @ (160,606 мм,99,713 мм): Конт.пл. 64 на B.Cu, Не медь из U5
ErrType(2): Неподключенные конт.пл.
    @ (152,545 мм,94,410 мм): Конт.пл. 48 на B.Cu, Не медь из U5 net /SWD_+3V3
    @ (160,606 мм,99,713 мм): Конт.пл. 64 на B.Cu, Не медь из U5
ErrType(2): Неподключенные конт.пл.
    @ (107,654 мм,59,318 мм): Конт.пл. 1 на F.Cu, Не медь из D5 net /SWD_+3V3
    @ (152,545 мм,94,410 мм): Конт.пл. 48 на B.Cu, Не медь из U5
ErrType(2): Неподключенные конт.пл.
    @ (159,004 мм,118,872 мм): Конт.пл. 1 на F.Cu, B.Cu, Внутренний, Не медь из XP2 net /SWD_+3V3
    @ (156,364 мм,106,713 мм): Конт.пл. 13 на B.Cu, Не медь из U5
ErrType(2): Неподключенные конт.пл.
    @ (105,496 мм,63,500 мм): Конт.пл. 1 на F.Cu, Не медь из R15 net Net-(LED1-Pad1)
    @ (177,000 мм,118,540 мм): Конт.пл. 1 на F.Cu, B.Cu, Внутренний, Не медь из LED1
ErrType(2): Неподключенные конт.пл.
    @ (94,042 мм,51,166 мм): Конт.пл. 1 на F.Cu, Не медь из R7 net Net-(LED1-Pad3)
    @ (177,000 мм,113,460 мм): Конт.пл. 3 на F.Cu, B.Cu, Внутренний, Не медь из LED1
ErrType(2): Неподключенные конт.пл.
    @ (177,000 мм,88,540 мм): Конт.пл. 1 на F.Cu, B.Cu, Внутренний, Не медь из LED2 net Net-(LED2-Pad1)
    @ (167,808 мм,91,948 мм): Конт.пл. 2 на B.Cu, Не медь из R18
ErrType(2): Неподключенные конт.пл.
    @ (177,000 мм,83,460 мм): Конт.пл. 3 на F.Cu, B.Cu, Внутренний, Не медь из LED2 net Net-(LED2-Pad3)
    @ (168,316 мм,94,488 мм): Конт.пл. 2 на B.Cu, Не медь из R17
ErrType(2): Неподключенные конт.пл.
    @ (126,714 мм,96,230 мм): Конт.пл. 26 на B.Cu, Не медь из U1 net /ETH_MIO
    @ (155,303 мм,107,774 мм): Конт.пл. 16 на B.Cu, Не медь из U5
ErrType(2): Неподключенные конт.пл.
    @ (108,554 мм,68,418 мм): Конт.пл. 1 на F.Cu, Не медь из R2 net /ETH_MIO
    @ (126,714 мм,96,230 мм): Конт.пл. 26 на B.Cu, Не медь из U1
ErrType(2): Неподключенные конт.пл.
    @ (102,542 мм,51,966 мм): Конт.пл. 2 на F.Cu, Не медь из R6 net Net-(R6-Pad2)
    @ (126,714 мм,95,230 мм): Конт.пл. 28 на B.Cu, Не медь из U1
ErrType(2): Неподключенные конт.пл.
    @ (96,242 мм,51,166 мм): Конт.пл. 2 на F.Cu, Не медь из R7 net Net-(R10-Pad2)
    @ (92,342 мм,57,066 мм): Конт.пл. 2 на F.Cu, Не медь из R10
ErrType(2): Неподключенные конт.пл.
    @ (92,342 мм,57,066 мм): Конт.пл. 2 на F.Cu, Не медь из R10 net Net-(R10-Pad2)
    @ (135,414 мм,95,230 мм): Конт.пл. 9 на B.Cu, Не медь из U1
ErrType(2): Неподключенные конт.пл.
    @ (97,242 мм,60,566 мм): Конт.пл. 2 на F.Cu, Не медь из R11 net Net-(R11-Pad2)
    @ (135,414 мм,95,730 мм): Конт.пл. 10 на B.Cu, Не медь из U1
ErrType(2): Неподключенные конт.пл.
    @ (132,814 мм,98,330 мм): Конт.пл. 15 на B.Cu, Не медь из U1 net Net-(R14-Pad2)
    @ (109,728 мм,53,848 мм): Конт.пл. 2 на F.Cu, Не медь из R14
ErrType(2): Неподключенные конт.пл.
    @ (166,964 мм,99,568 мм): Конт.пл. 1 на F.Cu, Не медь из R16 net Net-(R16-Pad1)
    @ (175,000 мм,102,290 мм): Конт.пл. 3 на F.Cu, B.Cu, Внутренний, Не медь из XP1
ErrType(2): Неподключенные конт.пл.
    @ (169,164 мм,99,568 мм): Конт.пл. 2 на F.Cu, Не медь из R16 net /USB_D+
    @ (151,484 мм,95,471 мм): Конт.пл. 45 на B.Cu, Не медь из U5
ErrType(2): Неподключенные конт.пл.
    @ (159,899 мм,103,178 мм): Конт.пл. 3 на B.Cu, Не медь из U5 net Net-(R17-Pad1)
    @ (166,116 мм,94,488 мм): Конт.пл. 1 на B.Cu, Не медь из R17
ErrType(2): Неподключенные конт.пл.
    @ (160,253 мм,102,824 мм): Конт.пл. 2 на B.Cu, Не медь из U5 net Net-(R18-Pad1)
    @ (165,608 мм,91,948 мм): Конт.пл. 1 на B.Cu, Не медь из R18
ErrType(2): Неподключенные конт.пл.
    @ (166,624 мм,97,536 мм): Конт.пл. 1 на F.Cu, Не медь из R19 net Net-(R19-Pad1)
    @ (173,000 мм,102,290 мм): Конт.пл. 2 на F.Cu, B.Cu, Внутренний, Не медь из XP1
ErrType(2): Неподключенные конт.пл.
    @ (151,131 мм,95,824 мм): Конт.пл. 44 на B.Cu, Не медь из U5 net /USB_D-
    @ (168,824 мм,97,536 мм): Конт.пл. 2 на F.Cu, Не медь из R19
ErrType(2): Неподключенные конт.пл.
    @ (116,248 мм,59,944 мм): Конт.пл. 1 на F.Cu, Не медь из R22 net /ADC_Vbat
    @ (116,500 мм,113,284 мм): Конт.пл. 2 на F.Cu, Не медь из R21
ErrType(2): Неподключенные конт.пл.
    @ (151,131 мм,106,360 мм): Конт.пл. 21 на B.Cu, Не медь из U5 net /ADC_Vbat
    @ (116,500 мм,113,284 мм): Конт.пл. 2 на F.Cu, Не медь из R21
ErrType(2): Неподключенные конт.пл.
    @ (145,796 мм,106,004 мм): Конт.пл. 1 на F.Cu, Не медь из R23 net Net-(R23-Pad1)
    @ (145,288 мм,91,064 мм): Конт.пл. 1 на F.Cu, Не медь из VT1
ErrType(2): Неподключенные конт.пл.
    @ (152,545 мм,107,774 мм): Конт.пл. 17 на B.Cu, Не медь из U5 net /ETH_MII_COL
    @ (135,414 мм,91,230 мм): Конт.пл. 1 на B.Cu, Не медь из U1
ErrType(2): Неподключенные конт.пл.
    @ (135,414 мм,94,230 мм): Конт.пл. 7 на B.Cu, Не медь из U1 net /ETH_MII_TX_CLK
    @ (157,071 мм,106,006 мм): Конт.пл. 11 на B.Cu, Не медь из U5
ErrType(2): Неподключенные конт.пл.
    @ (155,656 мм,107,421 мм): Конт.пл. 15 на B.Cu, Не медь из U5 net /ETH_MII_RX_CLK
    @ (132,314 мм,98,330 мм): Конт.пл. 16 на B.Cu, Не медь из U1
ErrType(2): Неподключенные конт.пл.
    @ (156,010 мм,107,067 мм): Конт.пл. 14 на B.Cu, Не медь из U5 net /ETH_MII_CRS
    @ (128,814 мм,98,330 мм): Конт.пл. 23 на B.Cu, Не медь из U1
ErrType(2): Неподключенные конт.пл.
    @ (157,778 мм,105,299 мм): Конт.пл. 9 на B.Cu, Не медь из U5 net /ETH_MDC
    @ (126,714 мм,96,730 мм): Конт.пл. 25 на B.Cu, Не медь из U1
ErrType(2): Неподключенные конт.пл.
    @ (151,838 мм,95,117 мм): Конт.пл. 46 на B.Cu, Не медь из U5 net Net-(U5-Pad46)
    @ (153,924 мм,118,872 мм): Конт.пл. 3 на F.Cu, B.Cu, Внутренний, Не медь из XP2
ErrType(2): Неподключенные конт.пл.
    @ (155,303 мм,94,410 мм): Конт.пл. 49 на B.Cu, Не медь из U5 net Net-(U5-Pad49)
    @ (156,464 мм,118,872 мм): Конт.пл. 2 на F.Cu, B.Cu, Внутренний, Не медь из XP2
ErrType(2): Неподключенные конт.пл.
    @ (120,716 мм,109,728 мм): Конт.пл. 4 на B.Cu, Не медь из U6 net /CAN_RX
    @ (158,131 мм,97,238 мм): Конт.пл. 57 на B.Cu, Не медь из U5
ErrType(2): Неподключенные конт.пл.
    @ (158,485 мм,97,592 мм): Конт.пл. 58 на B.Cu, Не медь из U5 net /CAN_TX
    @ (120,716 мм,105,918 мм): Конт.пл. 1 на B.Cu, Не медь из U6
ErrType(2): Неподключенные конт.пл.
    @ (159,512 мм,86,952 мм): Конт.пл. 2 на F.Cu, Не медь из R27 net /EEPROM_SCK
    @ (158,115 мм,89,552 мм): Конт.пл. 6 на B.Cu, Не медь из U7

** End of Report **
