Drill report for /mnt/DATA2/pCloud/job/KiCAD/Rover_Commander_v3.1a/Rover_Commander_v3.1a.kicad_pcb
Created on Сб 21 окт 2017 11:32:51

Copper Layer Stackup:
    =============================================================
    L1 :  F.Cu                      front
    L2 :  B.Cu                      back


Drill file 'Rover_Commander_v3.1a.drl' contains
    plated through holes:
    =============================================================
    T1  0,40mm  0,016"  (94 holes)
    T2  0,80mm  0,031"  (6 holes)
    T3  0,81mm  0,032"  (4 holes)
    T4  0,90mm  0,035"  (6 holes)
    T5  1,00mm  0,039"  (16 holes)
    T6  2,30mm  0,091"  (2 holes)

    Total plated holes count 128


Drill file 'Rover_Commander_v3.1a-NPTH.drl' contains
    unplated through holes:
    =============================================================

    Total unplated holes count 0
